<?xml version="1.0" encoding="UTF-8"?>
<testng-results ignored="0" total="1" passed="1" failed="0" skipped="0">
  <reporter-output>
  </reporter-output>
  <suite started-at="2024-03-17T01:02:34 IST" name="Default suite" finished-at="2024-03-17T01:02:42 IST" duration-ms="8811">
    <groups>
    </groups>
    <test started-at="2024-03-17T01:02:34 IST" name="Default test" finished-at="2024-03-17T01:02:42 IST" duration-ms="8811">
      <class name="testCases.demoqa_sanity">
        <test-method signature="TC01_login()[pri:0, instance:testCases.demoqa_sanity@8dbdac1]" started-at="2024-03-17T01:02:34 IST" name="TC01_login" finished-at="2024-03-17T01:02:42 IST" duration-ms="8747" status="PASS">
          <reporter-output>
          </reporter-output>
        </test-method> <!-- TC01_login -->
      </class> <!-- testCases.demoqa_sanity -->
    </test> <!-- Default test -->
  </suite> <!-- Default suite -->
</testng-results>
