<?xml version="1.0" encoding="UTF-8"?>
<testng-results ignored="0" total="2" passed="2" failed="0" skipped="0">
  <reporter-output>
  </reporter-output>
  <suite started-at="2024-03-31T18:50:04 IST" name="Default suite" finished-at="2024-03-31T18:50:35 IST" duration-ms="30713">
    <groups>
    </groups>
    <test started-at="2024-03-31T18:50:04 IST" name="Default test" finished-at="2024-03-31T18:50:35 IST" duration-ms="30713">
      <class name="testCases.demoqa_sanity">
        <test-method is-config="true" signature="setup()[pri:0, instance:testCases.demoqa_sanity@55a147cc]" started-at="2024-03-31T18:50:04 IST" name="setup" finished-at="2024-03-31T18:50:13 IST" duration-ms="8761" status="PASS">
          <reporter-output>
          </reporter-output>
        </test-method> <!-- setup -->
        <test-method signature="TC01_login()[pri:1, instance:testCases.demoqa_sanity@55a147cc]" started-at="2024-03-31T18:50:13 IST" name="TC01_login" finished-at="2024-03-31T18:50:19 IST" duration-ms="6059" status="PASS">
          <reporter-output>
          </reporter-output>
        </test-method> <!-- TC01_login -->
        <test-method is-config="true" signature="teardown()[pri:0, instance:testCases.demoqa_sanity@55a147cc]" started-at="2024-03-31T18:50:19 IST" name="teardown" finished-at="2024-03-31T18:50:20 IST" duration-ms="820" status="PASS">
          <reporter-output>
          </reporter-output>
        </test-method> <!-- teardown -->
        <test-method is-config="true" signature="setup()[pri:0, instance:testCases.demoqa_sanity@55a147cc]" started-at="2024-03-31T18:50:20 IST" name="setup" finished-at="2024-03-31T18:50:27 IST" duration-ms="7293" status="PASS">
          <reporter-output>
          </reporter-output>
        </test-method> <!-- setup -->
        <test-method signature="TC01_login_fails_with_invalid_credentials()[pri:2, instance:testCases.demoqa_sanity@55a147cc]" started-at="2024-03-31T18:50:27 IST" name="TC01_login_fails_with_invalid_credentials" finished-at="2024-03-31T18:50:33 IST" duration-ms="5823" status="PASS">
          <reporter-output>
          </reporter-output>
        </test-method> <!-- TC01_login_fails_with_invalid_credentials -->
        <test-method is-config="true" signature="teardown()[pri:0, instance:testCases.demoqa_sanity@55a147cc]" started-at="2024-03-31T18:50:33 IST" name="teardown" finished-at="2024-03-31T18:50:35 IST" duration-ms="1834" status="PASS">
          <reporter-output>
          </reporter-output>
        </test-method> <!-- teardown -->
      </class> <!-- testCases.demoqa_sanity -->
    </test> <!-- Default test -->
  </suite> <!-- Default suite -->
</testng-results>
