<?xml version="1.0" encoding="UTF-8"?>
<testng-results ignored="0" total="2" passed="2" failed="0" skipped="0">
  <reporter-output>
  </reporter-output>
  <suite started-at="2024-03-17T20:06:21 IST" name="Default suite" finished-at="2024-03-17T20:06:50 IST" duration-ms="29103">
    <groups>
    </groups>
    <test started-at="2024-03-17T20:06:21 IST" name="Default test" finished-at="2024-03-17T20:06:50 IST" duration-ms="29103">
      <class name="testCases.demoqa_sanity">
        <test-method signature="TC01_login()[pri:1, instance:testCases.demoqa_sanity@4145bad8]" started-at="2024-03-17T20:06:21 IST" name="TC01_login" finished-at="2024-03-17T20:06:36 IST" duration-ms="14776" status="PASS">
          <reporter-output>
          </reporter-output>
        </test-method> <!-- TC01_login -->
        <test-method is-config="true" signature="teardown()[pri:0, instance:testCases.demoqa_sanity@4145bad8]" started-at="2024-03-17T20:06:36 IST" name="teardown" finished-at="2024-03-17T20:06:37 IST" duration-ms="801" status="PASS">
          <reporter-output>
          </reporter-output>
        </test-method> <!-- teardown -->
        <test-method signature="TC01_login_fails_with_invalid_credentials()[pri:2, instance:testCases.demoqa_sanity@4145bad8]" started-at="2024-03-17T20:06:37 IST" name="TC01_login_fails_with_invalid_credentials" finished-at="2024-03-17T20:06:49 IST" duration-ms="12602" status="PASS">
          <reporter-output>
          </reporter-output>
        </test-method> <!-- TC01_login_fails_with_invalid_credentials -->
        <test-method is-config="true" signature="teardown()[pri:0, instance:testCases.demoqa_sanity@4145bad8]" started-at="2024-03-17T20:06:49 IST" name="teardown" finished-at="2024-03-17T20:06:50 IST" duration-ms="804" status="PASS">
          <reporter-output>
          </reporter-output>
        </test-method> <!-- teardown -->
      </class> <!-- testCases.demoqa_sanity -->
    </test> <!-- Default test -->
  </suite> <!-- Default suite -->
</testng-results>
